2021-09-16T05:59:42+00:00 CRITICAL Uncaught Error: Call to undefined function is_number() in /var/www/html/wp/den/wp-content/plugins/google sheet plugin/index.php:43
Stack trace:
#0 /var/www/html/wp/den/wp-includes/class-wp-hook.php(303): google_sheet_plugin_checkout()
#1 /var/www/html/wp/den/wp-includes/class-wp-hook.php(327): WP_Hook->apply_filters()
#2 /var/www/html/wp/den/wp-includes/plugin.php(470): WP_Hook->do_action()
#3 /var/www/html/wp/den/wp-settings.php(441): do_action()
#4 /var/www/html/wp/den/wp-config.php(99): require_once('/var/www/html/w...')
#5 /var/www/html/wp/den/wp-load.php(50): require_once('/var/www/html/w...')
#6 /var/www/html/wp/den/wp-blog-header.php(13): require_once('/var/www/html/w...')
#7 /var/www/html/wp/den/index.php(17): require('/var/www/html/w...')
#8 {main}
  thrown in /var/www/html/wp/den/wp-content/plugins/google sheet plugin/index.php on line 43

2021-09-16T05:59:46+00:00 CRITICAL Uncaught Error: Call to undefined function is_number() in /var/www/html/wp/den/wp-content/plugins/google sheet plugin/index.php:43
Stack trace:
#0 /var/www/html/wp/den/wp-includes/class-wp-hook.php(303): google_sheet_plugin_checkout()
#1 /var/www/html/wp/den/wp-includes/class-wp-hook.php(327): WP_Hook->apply_filters()
#2 /var/www/html/wp/den/wp-includes/plugin.php(470): WP_Hook->do_action()
#3 /var/www/html/wp/den/wp-settings.php(441): do_action()
#4 /var/www/html/wp/den/wp-config.php(99): require_once('/var/www/html/w...')
#5 /var/www/html/wp/den/wp-load.php(50): require_once('/var/www/html/w...')
#6 /var/www/html/wp/den/wp-admin/admin-ajax.php(22): require_once('/var/www/html/w...')
#7 {main}
  thrown in /var/www/html/wp/den/wp-content/plugins/google sheet plugin/index.php on line 43

2021-09-16T08:22:18+00:00 CRITICAL Uncaught Error: Call to a member function get_id() on null in /var/www/html/wp/den/wp-content/plugins/google sheet plugin/index.php:39
Stack trace:
#0 /var/www/html/wp/den/wp-includes/class-wp-hook.php(303): google_sheet_plugin_checkout()
#1 /var/www/html/wp/den/wp-includes/class-wp-hook.php(327): WP_Hook->apply_filters()
#2 /var/www/html/wp/den/wp-includes/plugin.php(470): WP_Hook->do_action()
#3 /var/www/html/wp/den/wp-settings.php(441): do_action()
#4 /var/www/html/wp/den/wp-config.php(99): require_once('/var/www/html/w...')
#5 /var/www/html/wp/den/wp-load.php(50): require_once('/var/www/html/w...')
#6 /var/www/html/wp/den/wp-blog-header.php(13): require_once('/var/www/html/w...')
#7 /var/www/html/wp/den/index.php(17): require('/var/www/html/w...')
#8 {main}
  thrown in /var/www/html/wp/den/wp-content/plugins/google sheet plugin/index.php on line 39

2021-09-16T08:22:41+00:00 CRITICAL Uncaught Error: Call to a member function get_id() on null in /var/www/html/wp/den/wp-content/plugins/google sheet plugin/index.php:40
Stack trace:
#0 /var/www/html/wp/den/wp-includes/class-wp-hook.php(303): google_sheet_plugin_checkout()
#1 /var/www/html/wp/den/wp-includes/class-wp-hook.php(327): WP_Hook->apply_filters()
#2 /var/www/html/wp/den/wp-includes/plugin.php(470): WP_Hook->do_action()
#3 /var/www/html/wp/den/wp-settings.php(441): do_action()
#4 /var/www/html/wp/den/wp-config.php(99): require_once('/var/www/html/w...')
#5 /var/www/html/wp/den/wp-load.php(50): require_once('/var/www/html/w...')
#6 /var/www/html/wp/den/wp-blog-header.php(13): require_once('/var/www/html/w...')
#7 /var/www/html/wp/den/index.php(17): require('/var/www/html/w...')
#8 {main}
  thrown in /var/www/html/wp/den/wp-content/plugins/google sheet plugin/index.php on line 40

2021-09-16T08:36:08+00:00 CRITICAL Uncaught Error: Call to a member function get_data() on bool in /var/www/html/wp/den/wp-content/plugins/google sheet plugin/index.php:41
Stack trace:
#0 /var/www/html/wp/den/wp-includes/class-wp-hook.php(303): google_sheet_plugin_checkout()
#1 /var/www/html/wp/den/wp-includes/class-wp-hook.php(327): WP_Hook->apply_filters()
#2 /var/www/html/wp/den/wp-includes/plugin.php(470): WP_Hook->do_action()
#3 /var/www/html/wp/den/wp-settings.php(441): do_action()
#4 /var/www/html/wp/den/wp-config.php(99): require_once('/var/www/html/w...')
#5 /var/www/html/wp/den/wp-load.php(50): require_once('/var/www/html/w...')
#6 /var/www/html/wp/den/wp-blog-header.php(13): require_once('/var/www/html/w...')
#7 /var/www/html/wp/den/index.php(17): require('/var/www/html/w...')
#8 {main}
  thrown in /var/www/html/wp/den/wp-content/plugins/google sheet plugin/index.php on line 41

2021-09-16T08:36:14+00:00 CRITICAL Uncaught Error: Call to a member function get_data() on bool in /var/www/html/wp/den/wp-content/plugins/google sheet plugin/index.php:40
Stack trace:
#0 /var/www/html/wp/den/wp-includes/class-wp-hook.php(303): google_sheet_plugin_checkout()
#1 /var/www/html/wp/den/wp-includes/class-wp-hook.php(327): WP_Hook->apply_filters()
#2 /var/www/html/wp/den/wp-includes/plugin.php(470): WP_Hook->do_action()
#3 /var/www/html/wp/den/wp-settings.php(441): do_action()
#4 /var/www/html/wp/den/wp-config.php(99): require_once('/var/www/html/w...')
#5 /var/www/html/wp/den/wp-load.php(50): require_once('/var/www/html/w...')
#6 /var/www/html/wp/den/wp-blog-header.php(13): require_once('/var/www/html/w...')
#7 /var/www/html/wp/den/index.php(17): require('/var/www/html/w...')
#8 {main}
  thrown in /var/www/html/wp/den/wp-content/plugins/google sheet plugin/index.php on line 40

2021-09-16T08:36:21+00:00 CRITICAL Uncaught Error: Call to a member function get_data() on bool in /var/www/html/wp/den/wp-content/plugins/google sheet plugin/index.php:40
Stack trace:
#0 /var/www/html/wp/den/wp-includes/class-wp-hook.php(303): google_sheet_plugin_checkout()
#1 /var/www/html/wp/den/wp-includes/class-wp-hook.php(327): WP_Hook->apply_filters()
#2 /var/www/html/wp/den/wp-includes/plugin.php(470): WP_Hook->do_action()
#3 /var/www/html/wp/den/wp-settings.php(441): do_action()
#4 /var/www/html/wp/den/wp-config.php(99): require_once('/var/www/html/w...')
#5 /var/www/html/wp/den/wp-load.php(50): require_once('/var/www/html/w...')
#6 /var/www/html/wp/den/wp-blog-header.php(13): require_once('/var/www/html/w...')
#7 /var/www/html/wp/den/index.php(17): require('/var/www/html/w...')
#8 {main}
  thrown in /var/www/html/wp/den/wp-content/plugins/google sheet plugin/index.php on line 40

2021-09-16T08:37:17+00:00 CRITICAL Uncaught Error: Call to a member function get_items() on bool in /var/www/html/wp/den/wp-content/plugins/google sheet plugin/index.php:40
Stack trace:
#0 /var/www/html/wp/den/wp-includes/class-wp-hook.php(303): google_sheet_plugin_checkout()
#1 /var/www/html/wp/den/wp-includes/class-wp-hook.php(327): WP_Hook->apply_filters()
#2 /var/www/html/wp/den/wp-includes/plugin.php(470): WP_Hook->do_action()
#3 /var/www/html/wp/den/wp-settings.php(441): do_action()
#4 /var/www/html/wp/den/wp-config.php(99): require_once('/var/www/html/w...')
#5 /var/www/html/wp/den/wp-load.php(50): require_once('/var/www/html/w...')
#6 /var/www/html/wp/den/wp-blog-header.php(13): require_once('/var/www/html/w...')
#7 /var/www/html/wp/den/index.php(17): require('/var/www/html/w...')
#8 {main}
  thrown in /var/www/html/wp/den/wp-content/plugins/google sheet plugin/index.php on line 40

2021-09-16T08:39:15+00:00 CRITICAL Uncaught Error: Call to a member function get_id() on bool in /var/www/html/wp/den/wp-content/plugins/google sheet plugin/index.php:42
Stack trace:
#0 /var/www/html/wp/den/wp-includes/class-wp-hook.php(303): google_sheet_plugin_checkout()
#1 /var/www/html/wp/den/wp-includes/class-wp-hook.php(327): WP_Hook->apply_filters()
#2 /var/www/html/wp/den/wp-includes/plugin.php(470): WP_Hook->do_action()
#3 /var/www/html/wp/den/wp-settings.php(441): do_action()
#4 /var/www/html/wp/den/wp-config.php(99): require_once('/var/www/html/w...')
#5 /var/www/html/wp/den/wp-load.php(50): require_once('/var/www/html/w...')
#6 /var/www/html/wp/den/wp-blog-header.php(13): require_once('/var/www/html/w...')
#7 /var/www/html/wp/den/index.php(17): require('/var/www/html/w...')
#8 {main}
  thrown in /var/www/html/wp/den/wp-content/plugins/google sheet plugin/index.php on line 42

2021-09-16T09:23:31+00:00 CRITICAL Uncaught Exception: Invalid order. in /var/www/html/wp/den/wp-content/plugins/woocommerce/includes/data-stores/abstract-wc-order-data-store-cpt.php:104
Stack trace:
#0 /var/www/html/wp/den/wp-content/plugins/woocommerce/includes/class-wc-data-store.php(159): Abstract_WC_Order_Data_Store_CPT->read()
#1 /var/www/html/wp/den/wp-content/plugins/woocommerce/includes/abstracts/abstract-wc-order.php(114): WC_Data_Store->read()
#2 /var/www/html/wp/den/wp-content/plugins/google sheet plugin/index.php(39): WC_Abstract_Order->__construct()
#3 /var/www/html/wp/den/wp-includes/class-wp-hook.php(303): google_sheet_plugin_checkout()
#4 /var/www/html/wp/den/wp-includes/class-wp-hook.php(327): WP_Hook->apply_filters()
#5 /var/www/html/wp/den/wp-includes/plugin.php(470): WP_Hook->do_action()
#6 /var/www/html/wp/den/wp-settings.php(441): do_action()
#7 /var/www/html/wp/den/wp-config.php(99): require_once('/var/www/html/w...')
#8 /var/www/html/wp/den/wp-load.php(50): require_once('/var/www/html/w...')
#9 /var/www/html/wp/den/wp- in /var/www/html/wp/den/wp-content/plugins/woocommerce/includes/data-stores/abstract-wc-order-data-store-cpt.php on line 104

2021-09-16T09:23:57+00:00 CRITICAL Uncaught Exception: Invalid order. in /var/www/html/wp/den/wp-content/plugins/woocommerce/includes/data-stores/abstract-wc-order-data-store-cpt.php:104
Stack trace:
#0 /var/www/html/wp/den/wp-content/plugins/woocommerce/includes/class-wc-data-store.php(159): Abstract_WC_Order_Data_Store_CPT->read()
#1 /var/www/html/wp/den/wp-content/plugins/woocommerce/includes/abstracts/abstract-wc-order.php(114): WC_Data_Store->read()
#2 /var/www/html/wp/den/wp-content/plugins/google sheet plugin/index.php(39): WC_Abstract_Order->__construct()
#3 /var/www/html/wp/den/wp-includes/class-wp-hook.php(303): google_sheet_plugin_checkout()
#4 /var/www/html/wp/den/wp-includes/class-wp-hook.php(327): WP_Hook->apply_filters()
#5 /var/www/html/wp/den/wp-includes/plugin.php(470): WP_Hook->do_action()
#6 /var/www/html/wp/den/wp-settings.php(441): do_action()
#7 /var/www/html/wp/den/wp-config.php(99): require_once('/var/www/html/w...')
#8 /var/www/html/wp/den/wp-load.php(50): require_once('/var/www/html/w...')
#9 /var/www/html/wp/den/wp- in /var/www/html/wp/den/wp-content/plugins/woocommerce/includes/data-stores/abstract-wc-order-data-store-cpt.php on line 104

2021-09-16T09:24:18+00:00 CRITICAL Uncaught Exception: Invalid order. in /var/www/html/wp/den/wp-content/plugins/woocommerce/includes/data-stores/abstract-wc-order-data-store-cpt.php:104
Stack trace:
#0 /var/www/html/wp/den/wp-content/plugins/woocommerce/includes/class-wc-data-store.php(159): Abstract_WC_Order_Data_Store_CPT->read()
#1 /var/www/html/wp/den/wp-content/plugins/woocommerce/includes/abstracts/abstract-wc-order.php(114): WC_Data_Store->read()
#2 /var/www/html/wp/den/wp-content/plugins/google sheet plugin/index.php(38): WC_Abstract_Order->__construct()
#3 /var/www/html/wp/den/wp-includes/class-wp-hook.php(303): google_sheet_plugin_checkout()
#4 /var/www/html/wp/den/wp-includes/class-wp-hook.php(327): WP_Hook->apply_filters()
#5 /var/www/html/wp/den/wp-includes/plugin.php(470): WP_Hook->do_action()
#6 /var/www/html/wp/den/wp-settings.php(441): do_action()
#7 /var/www/html/wp/den/wp-config.php(99): require_once('/var/www/html/w...')
#8 /var/www/html/wp/den/wp-load.php(50): require_once('/var/www/html/w...')
#9 /var/www/html/wp/den/wp- in /var/www/html/wp/den/wp-content/plugins/woocommerce/includes/data-stores/abstract-wc-order-data-store-cpt.php on line 104

2021-09-16T09:24:43+00:00 CRITICAL Uncaught Exception: Invalid order. in /var/www/html/wp/den/wp-content/plugins/woocommerce/includes/data-stores/abstract-wc-order-data-store-cpt.php:104
Stack trace:
#0 /var/www/html/wp/den/wp-content/plugins/woocommerce/includes/class-wc-data-store.php(159): Abstract_WC_Order_Data_Store_CPT->read()
#1 /var/www/html/wp/den/wp-content/plugins/woocommerce/includes/abstracts/abstract-wc-order.php(114): WC_Data_Store->read()
#2 /var/www/html/wp/den/wp-content/plugins/google sheet plugin/index.php(38): WC_Abstract_Order->__construct()
#3 /var/www/html/wp/den/wp-includes/class-wp-hook.php(303): google_sheet_plugin_checkout()
#4 /var/www/html/wp/den/wp-includes/class-wp-hook.php(327): WP_Hook->apply_filters()
#5 /var/www/html/wp/den/wp-includes/plugin.php(470): WP_Hook->do_action()
#6 /var/www/html/wp/den/wp-settings.php(441): do_action()
#7 /var/www/html/wp/den/wp-config.php(99): require_once('/var/www/html/w...')
#8 /var/www/html/wp/den/wp-load.php(50): require_once('/var/www/html/w...')
#9 /var/www/html/wp/den/wp- in /var/www/html/wp/den/wp-content/plugins/woocommerce/includes/data-stores/abstract-wc-order-data-store-cpt.php on line 104

2021-09-16T09:25:01+00:00 CRITICAL Uncaught Exception: Invalid order. in /var/www/html/wp/den/wp-content/plugins/woocommerce/includes/data-stores/abstract-wc-order-data-store-cpt.php:104
Stack trace:
#0 /var/www/html/wp/den/wp-content/plugins/woocommerce/includes/class-wc-data-store.php(159): Abstract_WC_Order_Data_Store_CPT->read()
#1 /var/www/html/wp/den/wp-content/plugins/woocommerce/includes/abstracts/abstract-wc-order.php(114): WC_Data_Store->read()
#2 /var/www/html/wp/den/wp-content/plugins/google sheet plugin/index.php(38): WC_Abstract_Order->__construct()
#3 /var/www/html/wp/den/wp-includes/class-wp-hook.php(303): google_sheet_plugin_checkout()
#4 /var/www/html/wp/den/wp-includes/class-wp-hook.php(327): WP_Hook->apply_filters()
#5 /var/www/html/wp/den/wp-includes/plugin.php(470): WP_Hook->do_action()
#6 /var/www/html/wp/den/wp-settings.php(441): do_action()
#7 /var/www/html/wp/den/wp-config.php(99): require_once('/var/www/html/w...')
#8 /var/www/html/wp/den/wp-load.php(50): require_once('/var/www/html/w...')
#9 /var/www/html/wp/den/wp- in /var/www/html/wp/den/wp-content/plugins/woocommerce/includes/data-stores/abstract-wc-order-data-store-cpt.php on line 104

2021-09-16T10:05:48+00:00 CRITICAL Uncaught Error: Call to a member function get_items() on string in /var/www/html/wp/den/wp-content/plugins/google sheet plugin/index.php:40
Stack trace:
#0 /var/www/html/wp/den/wp-includes/class-wp-hook.php(303): google_sheet_plugin_checkout()
#1 /var/www/html/wp/den/wp-includes/class-wp-hook.php(327): WP_Hook->apply_filters()
#2 /var/www/html/wp/den/wp-includes/plugin.php(470): WP_Hook->do_action()
#3 /var/www/html/wp/den/wp-content/plugins/woocommerce/includes/class-wc-post-types.php(491): do_action()
#4 /var/www/html/wp/den/wp-includes/class-wp-hook.php(303): WC_Post_Types::register_post_types()
#5 /var/www/html/wp/den/wp-includes/class-wp-hook.php(327): WP_Hook->apply_filters()
#6 /var/www/html/wp/den/wp-includes/plugin.php(470): WP_Hook->do_action()
#7 /var/www/html/wp/den/wp-settings.php(578): do_action()
#8 /var/www/html/wp/den/wp-config.php(99): require_once('/var/www/html/w...')
#9 /var/www/html/wp/den/wp-load.php(50): require_once('/var/www/html/w...')
#10 /var/www/html/wp/den/wp-blog-header.php(13) in /var/www/html/wp/den/wp-content/plugins/google sheet plugin/index.php on line 40

2021-09-16T10:06:26+00:00 CRITICAL Uncaught Error: Call to undefined method WC_Order::get_product() in /var/www/html/wp/den/wp-content/plugins/google sheet plugin/index.php:46
Stack trace:
#0 /var/www/html/wp/den/wp-includes/class-wp-hook.php(303): google_sheet_plugin_checkout()
#1 /var/www/html/wp/den/wp-includes/class-wp-hook.php(327): WP_Hook->apply_filters()
#2 /var/www/html/wp/den/wp-includes/plugin.php(470): WP_Hook->do_action()
#3 /var/www/html/wp/den/wp-content/plugins/woocommerce/includes/class-wc-post-types.php(491): do_action()
#4 /var/www/html/wp/den/wp-includes/class-wp-hook.php(303): WC_Post_Types::register_post_types()
#5 /var/www/html/wp/den/wp-includes/class-wp-hook.php(327): WP_Hook->apply_filters()
#6 /var/www/html/wp/den/wp-includes/plugin.php(470): WP_Hook->do_action()
#7 /var/www/html/wp/den/wp-settings.php(578): do_action()
#8 /var/www/html/wp/den/wp-config.php(99): require_once('/var/www/html/w...')
#9 /var/www/html/wp/den/wp-load.php(50): require_once('/var/www/html/w...')
#10 /var/www/html/wp/den/wp-blog-header.php(13 in /var/www/html/wp/den/wp-content/plugins/google sheet plugin/index.php on line 46

2021-09-16T10:06:27+00:00 CRITICAL Uncaught Error: Call to undefined method WC_Order::get_product() in /var/www/html/wp/den/wp-content/plugins/google sheet plugin/index.php:46
Stack trace:
#0 /var/www/html/wp/den/wp-includes/class-wp-hook.php(303): google_sheet_plugin_checkout()
#1 /var/www/html/wp/den/wp-includes/class-wp-hook.php(327): WP_Hook->apply_filters()
#2 /var/www/html/wp/den/wp-includes/plugin.php(470): WP_Hook->do_action()
#3 /var/www/html/wp/den/wp-content/plugins/woocommerce/includes/class-wc-post-types.php(491): do_action()
#4 /var/www/html/wp/den/wp-includes/class-wp-hook.php(303): WC_Post_Types::register_post_types()
#5 /var/www/html/wp/den/wp-includes/class-wp-hook.php(327): WP_Hook->apply_filters()
#6 /var/www/html/wp/den/wp-includes/plugin.php(470): WP_Hook->do_action()
#7 /var/www/html/wp/den/wp-settings.php(578): do_action()
#8 /var/www/html/wp/den/wp-config.php(99): require_once('/var/www/html/w...')
#9 /var/www/html/wp/den/wp-load.php(50): require_once('/var/www/html/w...')
#10 /var/www/html/wp/den/wp-admin/admin-ajax.p in /var/www/html/wp/den/wp-content/plugins/google sheet plugin/index.php on line 46

2021-09-16T10:07:51+00:00 CRITICAL Uncaught Error: Call to a member function get_item_count() on bool in /var/www/html/wp/den/wp-content/plugins/google sheet plugin/index.php:40
Stack trace:
#0 /var/www/html/wp/den/wp-includes/class-wp-hook.php(303): google_sheet_plugin_checkout()
#1 /var/www/html/wp/den/wp-includes/class-wp-hook.php(327): WP_Hook->apply_filters()
#2 /var/www/html/wp/den/wp-includes/plugin.php(470): WP_Hook->do_action()
#3 /var/www/html/wp/den/wp-content/plugins/woocommerce/includes/class-wc-post-types.php(491): do_action()
#4 /var/www/html/wp/den/wp-includes/class-wp-hook.php(303): WC_Post_Types::register_post_types()
#5 /var/www/html/wp/den/wp-includes/class-wp-hook.php(327): WP_Hook->apply_filters()
#6 /var/www/html/wp/den/wp-includes/plugin.php(470): WP_Hook->do_action()
#7 /var/www/html/wp/den/wp-settings.php(578): do_action()
#8 /var/www/html/wp/den/wp-config.php(99): require_once('/var/www/html/w...')
#9 /var/www/html/wp/den/wp-load.php(50): require_once('/var/www/html/w...')
#10 /var/www/html/wp/den/wp-cron.php(44): re in /var/www/html/wp/den/wp-content/plugins/google sheet plugin/index.php on line 40

2021-09-16T10:08:27+00:00 CRITICAL Uncaught Error: Call to a member function get_item_count() on bool in /var/www/html/wp/den/wp-content/plugins/google sheet plugin/index.php:40
Stack trace:
#0 /var/www/html/wp/den/wp-includes/class-wp-hook.php(303): google_sheet_plugin_checkout()
#1 /var/www/html/wp/den/wp-includes/class-wp-hook.php(327): WP_Hook->apply_filters()
#2 /var/www/html/wp/den/wp-includes/plugin.php(470): WP_Hook->do_action()
#3 /var/www/html/wp/den/wp-content/plugins/woocommerce/includes/class-wc-post-types.php(491): do_action()
#4 /var/www/html/wp/den/wp-includes/class-wp-hook.php(303): WC_Post_Types::register_post_types()
#5 /var/www/html/wp/den/wp-includes/class-wp-hook.php(327): WP_Hook->apply_filters()
#6 /var/www/html/wp/den/wp-includes/plugin.php(470): WP_Hook->do_action()
#7 /var/www/html/wp/den/wp-settings.php(578): do_action()
#8 /var/www/html/wp/den/wp-config.php(99): require_once('/var/www/html/w...')
#9 /var/www/html/wp/den/wp-load.php(50): require_once('/var/www/html/w...')
#10 /var/www/html/wp/den/wp-admin/admin-ajax in /var/www/html/wp/den/wp-content/plugins/google sheet plugin/index.php on line 40

2021-09-16T10:10:27+00:00 CRITICAL Uncaught Error: Call to a member function get_item_count() on bool in /var/www/html/wp/den/wp-content/plugins/google sheet plugin/index.php:40
Stack trace:
#0 /var/www/html/wp/den/wp-includes/class-wp-hook.php(303): google_sheet_plugin_checkout()
#1 /var/www/html/wp/den/wp-includes/class-wp-hook.php(327): WP_Hook->apply_filters()
#2 /var/www/html/wp/den/wp-includes/plugin.php(470): WP_Hook->do_action()
#3 /var/www/html/wp/den/wp-content/plugins/woocommerce/includes/class-wc-post-types.php(491): do_action()
#4 /var/www/html/wp/den/wp-includes/class-wp-hook.php(303): WC_Post_Types::register_post_types()
#5 /var/www/html/wp/den/wp-includes/class-wp-hook.php(327): WP_Hook->apply_filters()
#6 /var/www/html/wp/den/wp-includes/plugin.php(470): WP_Hook->do_action()
#7 /var/www/html/wp/den/wp-settings.php(578): do_action()
#8 /var/www/html/wp/den/wp-config.php(99): require_once('/var/www/html/w...')
#9 /var/www/html/wp/den/wp-load.php(50): require_once('/var/www/html/w...')
#10 /var/www/html/wp/den/wp-admin/admin-ajax in /var/www/html/wp/den/wp-content/plugins/google sheet plugin/index.php on line 40

2021-09-16T10:11:05+00:00 CRITICAL Uncaught Exception: Invalid order item. in /var/www/html/wp/den/wp-content/plugins/woocommerce/includes/data-stores/abstract-wc-order-item-type-data-store.php:135
Stack trace:
#0 /var/www/html/wp/den/wp-content/plugins/woocommerce/includes/data-stores/class-wc-order-item-product-data-store.php(34): Abstract_WC_Order_Item_Type_Data_Store->read()
#1 /var/www/html/wp/den/wp-content/plugins/woocommerce/includes/class-wc-data-store.php(159): WC_Order_Item_Product_Data_Store->read()
#2 /var/www/html/wp/den/wp-content/plugins/woocommerce/includes/class-wc-order-item.php(74): WC_Data_Store->read()
#3 /var/www/html/wp/den/wp-content/plugins/google sheet plugin/index.php(39): WC_Order_Item->__construct()
#4 /var/www/html/wp/den/wp-includes/class-wp-hook.php(303): google_sheet_plugin_checkout()
#5 /var/www/html/wp/den/wp-includes/class-wp-hook.php(327): WP_Hook->apply_filters()
#6 /var/www/html/wp/den/wp-includes/plugin.php(470): WP_Hook->do_action()
#7 /var/www/html/wp/den/wp-content/plugins/woocommerce/includes/class- in /var/www/html/wp/den/wp-content/plugins/woocommerce/includes/data-stores/abstract-wc-order-item-type-data-store.php on line 135

2021-09-16T10:11:17+00:00 CRITICAL Uncaught Error: Call to undefined method Automattic\WooCommerce\Admin\Overrides\Order::WC_Order_Item_Product() in /var/www/html/wp/den/wp-content/plugins/google sheet plugin/index.php:47
Stack trace:
#0 /var/www/html/wp/den/wp-includes/class-wp-hook.php(303): google_sheet_plugin_checkout()
#1 /var/www/html/wp/den/wp-includes/class-wp-hook.php(327): WP_Hook->apply_filters()
#2 /var/www/html/wp/den/wp-includes/plugin.php(470): WP_Hook->do_action()
#3 /var/www/html/wp/den/wp-content/plugins/woocommerce/includes/class-wc-post-types.php(491): do_action()
#4 /var/www/html/wp/den/wp-includes/class-wp-hook.php(303): WC_Post_Types::register_post_types()
#5 /var/www/html/wp/den/wp-includes/class-wp-hook.php(327): WP_Hook->apply_filters()
#6 /var/www/html/wp/den/wp-includes/plugin.php(470): WP_Hook->do_action()
#7 /var/www/html/wp/den/wp-settings.php(578): do_action()
#8 /var/www/html/wp/den/wp-config.php(99): require_once('/var/www/html/w...')
#9 /var/www/html/wp/den/wp-load.php(50): require_once('/var/www/html/w...')
 in /var/www/html/wp/den/wp-content/plugins/google sheet plugin/index.php on line 47

2021-09-16T10:12:27+00:00 CRITICAL Uncaught Error: Call to a member function get_item_count() on bool in /var/www/html/wp/den/wp-content/plugins/google sheet plugin/index.php:41
Stack trace:
#0 /var/www/html/wp/den/wp-includes/class-wp-hook.php(303): google_sheet_plugin_checkout()
#1 /var/www/html/wp/den/wp-includes/class-wp-hook.php(327): WP_Hook->apply_filters()
#2 /var/www/html/wp/den/wp-includes/plugin.php(470): WP_Hook->do_action()
#3 /var/www/html/wp/den/wp-content/plugins/woocommerce/includes/class-wc-post-types.php(491): do_action()
#4 /var/www/html/wp/den/wp-includes/class-wp-hook.php(303): WC_Post_Types::register_post_types()
#5 /var/www/html/wp/den/wp-includes/class-wp-hook.php(327): WP_Hook->apply_filters()
#6 /var/www/html/wp/den/wp-includes/plugin.php(470): WP_Hook->do_action()
#7 /var/www/html/wp/den/wp-settings.php(578): do_action()
#8 /var/www/html/wp/den/wp-config.php(99): require_once('/var/www/html/w...')
#9 /var/www/html/wp/den/wp-load.php(50): require_once('/var/www/html/w...')
#10 /var/www/html/wp/den/wp-admin/admin-ajax in /var/www/html/wp/den/wp-content/plugins/google sheet plugin/index.php on line 41

2021-09-16T10:14:27+00:00 CRITICAL Uncaught Error: Call to a member function get_item_count() on bool in /var/www/html/wp/den/wp-content/plugins/google sheet plugin/index.php:41
Stack trace:
#0 /var/www/html/wp/den/wp-includes/class-wp-hook.php(303): google_sheet_plugin_checkout()
#1 /var/www/html/wp/den/wp-includes/class-wp-hook.php(327): WP_Hook->apply_filters()
#2 /var/www/html/wp/den/wp-includes/plugin.php(470): WP_Hook->do_action()
#3 /var/www/html/wp/den/wp-content/plugins/woocommerce/includes/class-wc-post-types.php(491): do_action()
#4 /var/www/html/wp/den/wp-includes/class-wp-hook.php(303): WC_Post_Types::register_post_types()
#5 /var/www/html/wp/den/wp-includes/class-wp-hook.php(327): WP_Hook->apply_filters()
#6 /var/www/html/wp/den/wp-includes/plugin.php(470): WP_Hook->do_action()
#7 /var/www/html/wp/den/wp-settings.php(578): do_action()
#8 /var/www/html/wp/den/wp-config.php(99): require_once('/var/www/html/w...')
#9 /var/www/html/wp/den/wp-load.php(50): require_once('/var/www/html/w...')
#10 /var/www/html/wp/den/wp-admin/admin-ajax in /var/www/html/wp/den/wp-content/plugins/google sheet plugin/index.php on line 41

2021-09-16T10:16:27+00:00 CRITICAL Uncaught Error: Call to a member function get_item_count() on bool in /var/www/html/wp/den/wp-content/plugins/google sheet plugin/index.php:41
Stack trace:
#0 /var/www/html/wp/den/wp-includes/class-wp-hook.php(303): google_sheet_plugin_checkout()
#1 /var/www/html/wp/den/wp-includes/class-wp-hook.php(327): WP_Hook->apply_filters()
#2 /var/www/html/wp/den/wp-includes/plugin.php(470): WP_Hook->do_action()
#3 /var/www/html/wp/den/wp-content/plugins/woocommerce/includes/class-wc-post-types.php(491): do_action()
#4 /var/www/html/wp/den/wp-includes/class-wp-hook.php(303): WC_Post_Types::register_post_types()
#5 /var/www/html/wp/den/wp-includes/class-wp-hook.php(327): WP_Hook->apply_filters()
#6 /var/www/html/wp/den/wp-includes/plugin.php(470): WP_Hook->do_action()
#7 /var/www/html/wp/den/wp-settings.php(578): do_action()
#8 /var/www/html/wp/den/wp-config.php(99): require_once('/var/www/html/w...')
#9 /var/www/html/wp/den/wp-load.php(50): require_once('/var/www/html/w...')
#10 /var/www/html/wp/den/wp-admin/admin-ajax in /var/www/html/wp/den/wp-content/plugins/google sheet plugin/index.php on line 41

2021-09-16T10:17:12+00:00 CRITICAL Uncaught Error: Call to undefined method Automattic\WooCommerce\Admin\Overrides\Order::WC_Order_Item_Product() in /var/www/html/wp/den/wp-content/plugins/google sheet plugin/index.php:47
Stack trace:
#0 /var/www/html/wp/den/wp-includes/class-wp-hook.php(303): google_sheet_plugin_checkout()
#1 /var/www/html/wp/den/wp-includes/class-wp-hook.php(327): WP_Hook->apply_filters()
#2 /var/www/html/wp/den/wp-includes/plugin.php(470): WP_Hook->do_action()
#3 /var/www/html/wp/den/wp-content/plugins/woocommerce/includes/class-wc-post-types.php(491): do_action()
#4 /var/www/html/wp/den/wp-includes/class-wp-hook.php(303): WC_Post_Types::register_post_types()
#5 /var/www/html/wp/den/wp-includes/class-wp-hook.php(327): WP_Hook->apply_filters()
#6 /var/www/html/wp/den/wp-includes/plugin.php(470): WP_Hook->do_action()
#7 /var/www/html/wp/den/wp-settings.php(578): do_action()
#8 /var/www/html/wp/den/wp-config.php(99): require_once('/var/www/html/w...')
#9 /var/www/html/wp/den/wp-load.php(50): require_once('/var/www/html/w...')
 in /var/www/html/wp/den/wp-content/plugins/google sheet plugin/index.php on line 47

2021-09-16T10:17:18+00:00 CRITICAL Uncaught Error: Call to a member function get_item_count() on bool in /var/www/html/wp/den/wp-content/plugins/google sheet plugin/index.php:40
Stack trace:
#0 /var/www/html/wp/den/wp-includes/class-wp-hook.php(303): google_sheet_plugin_checkout()
#1 /var/www/html/wp/den/wp-includes/class-wp-hook.php(327): WP_Hook->apply_filters()
#2 /var/www/html/wp/den/wp-includes/plugin.php(470): WP_Hook->do_action()
#3 /var/www/html/wp/den/wp-content/plugins/woocommerce/includes/class-wc-post-types.php(491): do_action()
#4 /var/www/html/wp/den/wp-includes/class-wp-hook.php(303): WC_Post_Types::register_post_types()
#5 /var/www/html/wp/den/wp-includes/class-wp-hook.php(327): WP_Hook->apply_filters()
#6 /var/www/html/wp/den/wp-includes/plugin.php(470): WP_Hook->do_action()
#7 /var/www/html/wp/den/wp-settings.php(578): do_action()
#8 /var/www/html/wp/den/wp-config.php(99): require_once('/var/www/html/w...')
#9 /var/www/html/wp/den/wp-load.php(50): require_once('/var/www/html/w...')
#10 /var/www/html/wp/den/wp-cron.php(44): re in /var/www/html/wp/den/wp-content/plugins/google sheet plugin/index.php on line 40

2021-09-16T10:18:27+00:00 CRITICAL Uncaught Error: Call to a member function get_item_count() on bool in /var/www/html/wp/den/wp-content/plugins/google sheet plugin/index.php:40
Stack trace:
#0 /var/www/html/wp/den/wp-includes/class-wp-hook.php(303): google_sheet_plugin_checkout()
#1 /var/www/html/wp/den/wp-includes/class-wp-hook.php(327): WP_Hook->apply_filters()
#2 /var/www/html/wp/den/wp-includes/plugin.php(470): WP_Hook->do_action()
#3 /var/www/html/wp/den/wp-content/plugins/woocommerce/includes/class-wc-post-types.php(491): do_action()
#4 /var/www/html/wp/den/wp-includes/class-wp-hook.php(303): WC_Post_Types::register_post_types()
#5 /var/www/html/wp/den/wp-includes/class-wp-hook.php(327): WP_Hook->apply_filters()
#6 /var/www/html/wp/den/wp-includes/plugin.php(470): WP_Hook->do_action()
#7 /var/www/html/wp/den/wp-settings.php(578): do_action()
#8 /var/www/html/wp/den/wp-config.php(99): require_once('/var/www/html/w...')
#9 /var/www/html/wp/den/wp-load.php(50): require_once('/var/www/html/w...')
#10 /var/www/html/wp/den/wp-admin/admin-ajax in /var/www/html/wp/den/wp-content/plugins/google sheet plugin/index.php on line 40

2021-09-16T13:09:07+00:00 CRITICAL Uncaught Google\Service\Exception: {
  "error": {
    "code": 404,
    "message": "Requested entity was not found.",
    "errors": [
      {
        "message": "Requested entity was not found.",
        "domain": "global",
        "reason": "notFound"
      }
    ],
    "status": "NOT_FOUND"
  }
}
 in /var/www/html/wp/den/wp-content/plugins/google sheet plugin/vendor/google/apiclient/src/Http/REST.php:128
Stack trace:
#0 /var/www/html/wp/den/wp-content/plugins/google sheet plugin/vendor/google/apiclient/src/Http/REST.php(103): Google\Http\REST::decodeHttpResponse()
#1 [internal function]: Google\Http\REST::doExecute()
#2 /var/www/html/wp/den/wp-content/plugins/google sheet plugin/vendor/google/apiclient/src/Task/Runner.php(182): call_user_func_array()
#3 /var/www/html/wp/den/wp-content/plugins/google sheet plugin/vendor/google/apiclient/src/Http/REST.php(66): Google\Task\Runner->run()
#4 /var/www/html/wp/den/wp-content/plugins/google sheet plugin/vendor/google/apiclient/src/Client.php(898): Google\Http\REST:: in /var/www/html/wp/den/wp-content/plugins/google sheet plugin/vendor/google/apiclient/src/Http/REST.php on line 128

2021-09-16T13:09:21+00:00 CRITICAL Uncaught Google\Service\Exception: {
  "error": {
    "code": 404,
    "message": "Requested entity was not found.",
    "errors": [
      {
        "message": "Requested entity was not found.",
        "domain": "global",
        "reason": "notFound"
      }
    ],
    "status": "NOT_FOUND"
  }
}
 in /var/www/html/wp/den/wp-content/plugins/google sheet plugin/vendor/google/apiclient/src/Http/REST.php:128
Stack trace:
#0 /var/www/html/wp/den/wp-content/plugins/google sheet plugin/vendor/google/apiclient/src/Http/REST.php(103): Google\Http\REST::decodeHttpResponse()
#1 [internal function]: Google\Http\REST::doExecute()
#2 /var/www/html/wp/den/wp-content/plugins/google sheet plugin/vendor/google/apiclient/src/Task/Runner.php(182): call_user_func_array()
#3 /var/www/html/wp/den/wp-content/plugins/google sheet plugin/vendor/google/apiclient/src/Http/REST.php(66): Google\Task\Runner->run()
#4 /var/www/html/wp/den/wp-content/plugins/google sheet plugin/vendor/google/apiclient/src/Client.php(898): Google\Http\REST:: in /var/www/html/wp/den/wp-content/plugins/google sheet plugin/vendor/google/apiclient/src/Http/REST.php on line 128

2021-09-16T13:24:09+00:00 CRITICAL Uncaught Google\Service\Exception: {
  "error": {
    "code": 404,
    "message": "Requested entity was not found.",
    "errors": [
      {
        "message": "Requested entity was not found.",
        "domain": "global",
        "reason": "notFound"
      }
    ],
    "status": "NOT_FOUND"
  }
}
 in /var/www/html/wp/den/wp-content/plugins/google sheet plugin/vendor/google/apiclient/src/Http/REST.php:128
Stack trace:
#0 /var/www/html/wp/den/wp-content/plugins/google sheet plugin/vendor/google/apiclient/src/Http/REST.php(103): Google\Http\REST::decodeHttpResponse()
#1 [internal function]: Google\Http\REST::doExecute()
#2 /var/www/html/wp/den/wp-content/plugins/google sheet plugin/vendor/google/apiclient/src/Task/Runner.php(182): call_user_func_array()
#3 /var/www/html/wp/den/wp-content/plugins/google sheet plugin/vendor/google/apiclient/src/Http/REST.php(66): Google\Task\Runner->run()
#4 /var/www/html/wp/den/wp-content/plugins/google sheet plugin/vendor/google/apiclient/src/Client.php(898): Google\Http\REST:: in /var/www/html/wp/den/wp-content/plugins/google sheet plugin/vendor/google/apiclient/src/Http/REST.php on line 128

2021-09-16T13:24:59+00:00 CRITICAL Uncaught Google\Service\Exception: {
  "error": {
    "code": 404,
    "message": "Requested entity was not found.",
    "errors": [
      {
        "message": "Requested entity was not found.",
        "domain": "global",
        "reason": "notFound"
      }
    ],
    "status": "NOT_FOUND"
  }
}
 in /var/www/html/wp/den/wp-content/plugins/google sheet plugin/vendor/google/apiclient/src/Http/REST.php:128
Stack trace:
#0 /var/www/html/wp/den/wp-content/plugins/google sheet plugin/vendor/google/apiclient/src/Http/REST.php(103): Google\Http\REST::decodeHttpResponse()
#1 [internal function]: Google\Http\REST::doExecute()
#2 /var/www/html/wp/den/wp-content/plugins/google sheet plugin/vendor/google/apiclient/src/Task/Runner.php(182): call_user_func_array()
#3 /var/www/html/wp/den/wp-content/plugins/google sheet plugin/vendor/google/apiclient/src/Http/REST.php(66): Google\Task\Runner->run()
#4 /var/www/html/wp/den/wp-content/plugins/google sheet plugin/vendor/google/apiclient/src/Client.php(898): Google\Http\REST:: in /var/www/html/wp/den/wp-content/plugins/google sheet plugin/vendor/google/apiclient/src/Http/REST.php on line 128

2021-09-16T13:25:07+00:00 CRITICAL Uncaught Google\Service\Exception: {
  "error": {
    "code": 404,
    "message": "Requested entity was not found.",
    "errors": [
      {
        "message": "Requested entity was not found.",
        "domain": "global",
        "reason": "notFound"
      }
    ],
    "status": "NOT_FOUND"
  }
}
 in /var/www/html/wp/den/wp-content/plugins/google sheet plugin/vendor/google/apiclient/src/Http/REST.php:128
Stack trace:
#0 /var/www/html/wp/den/wp-content/plugins/google sheet plugin/vendor/google/apiclient/src/Http/REST.php(103): Google\Http\REST::decodeHttpResponse()
#1 [internal function]: Google\Http\REST::doExecute()
#2 /var/www/html/wp/den/wp-content/plugins/google sheet plugin/vendor/google/apiclient/src/Task/Runner.php(182): call_user_func_array()
#3 /var/www/html/wp/den/wp-content/plugins/google sheet plugin/vendor/google/apiclient/src/Http/REST.php(66): Google\Task\Runner->run()
#4 /var/www/html/wp/den/wp-content/plugins/google sheet plugin/vendor/google/apiclient/src/Client.php(898): Google\Http\REST:: in /var/www/html/wp/den/wp-content/plugins/google sheet plugin/vendor/google/apiclient/src/Http/REST.php on line 128

2021-09-16T13:25:20+00:00 CRITICAL Uncaught Google\Service\Exception: {
  "error": {
    "code": 404,
    "message": "Requested entity was not found.",
    "errors": [
      {
        "message": "Requested entity was not found.",
        "domain": "global",
        "reason": "notFound"
      }
    ],
    "status": "NOT_FOUND"
  }
}
 in /var/www/html/wp/den/wp-content/plugins/google sheet plugin/vendor/google/apiclient/src/Http/REST.php:128
Stack trace:
#0 /var/www/html/wp/den/wp-content/plugins/google sheet plugin/vendor/google/apiclient/src/Http/REST.php(103): Google\Http\REST::decodeHttpResponse()
#1 [internal function]: Google\Http\REST::doExecute()
#2 /var/www/html/wp/den/wp-content/plugins/google sheet plugin/vendor/google/apiclient/src/Task/Runner.php(182): call_user_func_array()
#3 /var/www/html/wp/den/wp-content/plugins/google sheet plugin/vendor/google/apiclient/src/Http/REST.php(66): Google\Task\Runner->run()
#4 /var/www/html/wp/den/wp-content/plugins/google sheet plugin/vendor/google/apiclient/src/Client.php(898): Google\Http\REST:: in /var/www/html/wp/den/wp-content/plugins/google sheet plugin/vendor/google/apiclient/src/Http/REST.php on line 128

2021-09-16T13:25:44+00:00 CRITICAL Uncaught Google\Service\Exception: {
  "error": {
    "code": 404,
    "message": "Requested entity was not found.",
    "errors": [
      {
        "message": "Requested entity was not found.",
        "domain": "global",
        "reason": "notFound"
      }
    ],
    "status": "NOT_FOUND"
  }
}
 in /var/www/html/wp/den/wp-content/plugins/google sheet plugin/vendor/google/apiclient/src/Http/REST.php:128
Stack trace:
#0 /var/www/html/wp/den/wp-content/plugins/google sheet plugin/vendor/google/apiclient/src/Http/REST.php(103): Google\Http\REST::decodeHttpResponse()
#1 [internal function]: Google\Http\REST::doExecute()
#2 /var/www/html/wp/den/wp-content/plugins/google sheet plugin/vendor/google/apiclient/src/Task/Runner.php(182): call_user_func_array()
#3 /var/www/html/wp/den/wp-content/plugins/google sheet plugin/vendor/google/apiclient/src/Http/REST.php(66): Google\Task\Runner->run()
#4 /var/www/html/wp/den/wp-content/plugins/google sheet plugin/vendor/google/apiclient/src/Client.php(898): Google\Http\REST:: in /var/www/html/wp/den/wp-content/plugins/google sheet plugin/vendor/google/apiclient/src/Http/REST.php on line 128

2021-09-16T13:26:04+00:00 CRITICAL Uncaught Google\Service\Exception: {
  "error": {
    "code": 404,
    "message": "Requested entity was not found.",
    "errors": [
      {
        "message": "Requested entity was not found.",
        "domain": "global",
        "reason": "notFound"
      }
    ],
    "status": "NOT_FOUND"
  }
}
 in /var/www/html/wp/den/wp-content/plugins/google sheet plugin/vendor/google/apiclient/src/Http/REST.php:128
Stack trace:
#0 /var/www/html/wp/den/wp-content/plugins/google sheet plugin/vendor/google/apiclient/src/Http/REST.php(103): Google\Http\REST::decodeHttpResponse()
#1 [internal function]: Google\Http\REST::doExecute()
#2 /var/www/html/wp/den/wp-content/plugins/google sheet plugin/vendor/google/apiclient/src/Task/Runner.php(182): call_user_func_array()
#3 /var/www/html/wp/den/wp-content/plugins/google sheet plugin/vendor/google/apiclient/src/Http/REST.php(66): Google\Task\Runner->run()
#4 /var/www/html/wp/den/wp-content/plugins/google sheet plugin/vendor/google/apiclient/src/Client.php(898): Google\Http\REST:: in /var/www/html/wp/den/wp-content/plugins/google sheet plugin/vendor/google/apiclient/src/Http/REST.php on line 128

2021-09-16T13:26:15+00:00 CRITICAL Uncaught Google\Service\Exception: {
  "error": {
    "code": 404,
    "message": "Requested entity was not found.",
    "errors": [
      {
        "message": "Requested entity was not found.",
        "domain": "global",
        "reason": "notFound"
      }
    ],
    "status": "NOT_FOUND"
  }
}
 in /var/www/html/wp/den/wp-content/plugins/google sheet plugin/vendor/google/apiclient/src/Http/REST.php:128
Stack trace:
#0 /var/www/html/wp/den/wp-content/plugins/google sheet plugin/vendor/google/apiclient/src/Http/REST.php(103): Google\Http\REST::decodeHttpResponse()
#1 [internal function]: Google\Http\REST::doExecute()
#2 /var/www/html/wp/den/wp-content/plugins/google sheet plugin/vendor/google/apiclient/src/Task/Runner.php(182): call_user_func_array()
#3 /var/www/html/wp/den/wp-content/plugins/google sheet plugin/vendor/google/apiclient/src/Http/REST.php(66): Google\Task\Runner->run()
#4 /var/www/html/wp/den/wp-content/plugins/google sheet plugin/vendor/google/apiclient/src/Client.php(898): Google\Http\REST:: in /var/www/html/wp/den/wp-content/plugins/google sheet plugin/vendor/google/apiclient/src/Http/REST.php on line 128

2021-09-16T13:27:50+00:00 CRITICAL Uncaught Error: Unsupported operand types in /var/www/html/wp/den/wp-content/plugins/google sheet plugin/create_product.php:27
Stack trace:
#0 /var/www/html/wp/den/wp-content/plugins/google sheet plugin/index.php(470): include()
#1 /var/www/html/wp/den/wp-includes/class-wp-hook.php(303): product_manage()
#2 /var/www/html/wp/den/wp-includes/class-wp-hook.php(327): WP_Hook->apply_filters()
#3 /var/www/html/wp/den/wp-includes/plugin.php(470): WP_Hook->do_action()
#4 /var/www/html/wp/den/wp-admin/admin.php(259): do_action()
#5 {main}
  thrown in /var/www/html/wp/den/wp-content/plugins/google sheet plugin/create_product.php on line 27

2021-09-16T13:33:56+00:00 CRITICAL Uncaught ArgumentCountError: Too few arguments to function Google\Service\Sheets\Resource\SpreadsheetsValues::get(), 1 passed in /var/www/html/wp/den/wp-content/plugins/google sheet plugin/create_product.php on line 23 and at least 2 expected in /var/www/html/wp/den/wp-content/plugins/google sheet plugin/vendor/google/apiclient-services/src/Sheets/Resource/SpreadsheetsValues.php:231
Stack trace:
#0 /var/www/html/wp/den/wp-content/plugins/google sheet plugin/create_product.php(23): Google\Service\Sheets\Resource\SpreadsheetsValues->get()
#1 /var/www/html/wp/den/wp-content/plugins/google sheet plugin/index.php(470): include('/var/www/html/w...')
#2 /var/www/html/wp/den/wp-includes/class-wp-hook.php(303): product_manage()
#3 /var/www/html/wp/den/wp-includes/class-wp-hook.php(327): WP_Hook->apply_filters()
#4 /var/www/html/wp/den/wp-includes/plugin.php(470): WP_Hook->do_action()
#5 /var/www/html/wp/den/wp-admin/admin.php(259): do_action()
#6 {main}
  thrown in /var/www/html/wp/den/wp-content/plugins/google sheet plugin/vendor/google/apiclient-services/src/Sheets/Resource/SpreadsheetsValues.php on line 231

2021-09-16T13:34:24+00:00 CRITICAL Uncaught Error: Call to undefined method Google\Service\Sheets\Spreadsheet::getValues() in /var/www/html/wp/den/wp-content/plugins/google sheet plugin/create_product.php:25
Stack trace:
#0 /var/www/html/wp/den/wp-content/plugins/google sheet plugin/index.php(470): include()
#1 /var/www/html/wp/den/wp-includes/class-wp-hook.php(303): product_manage()
#2 /var/www/html/wp/den/wp-includes/class-wp-hook.php(327): WP_Hook->apply_filters()
#3 /var/www/html/wp/den/wp-includes/plugin.php(470): WP_Hook->do_action()
#4 /var/www/html/wp/den/wp-admin/admin.php(259): do_action()
#5 {main}
  thrown in /var/www/html/wp/den/wp-content/plugins/google sheet plugin/create_product.php on line 25

2021-09-16T13:34:52+00:00 CRITICAL Uncaught Error: Call to undefined method Google\Service\Sheets\Spreadsheet::getValues() in /var/www/html/wp/den/wp-content/plugins/google sheet plugin/create_product.php:25
Stack trace:
#0 /var/www/html/wp/den/wp-content/plugins/google sheet plugin/index.php(470): include()
#1 /var/www/html/wp/den/wp-includes/class-wp-hook.php(303): product_manage()
#2 /var/www/html/wp/den/wp-includes/class-wp-hook.php(327): WP_Hook->apply_filters()
#3 /var/www/html/wp/den/wp-includes/plugin.php(470): WP_Hook->do_action()
#4 /var/www/html/wp/den/wp-admin/admin.php(259): do_action()
#5 {main}
  thrown in /var/www/html/wp/den/wp-content/plugins/google sheet plugin/create_product.php on line 25

2021-09-16T13:34:58+00:00 CRITICAL Uncaught Error: Call to undefined method Google\Service\Sheets\Spreadsheet::getValues() in /var/www/html/wp/den/wp-content/plugins/google sheet plugin/create_product.php:25
Stack trace:
#0 /var/www/html/wp/den/wp-content/plugins/google sheet plugin/index.php(470): include()
#1 /var/www/html/wp/den/wp-includes/class-wp-hook.php(303): product_manage()
#2 /var/www/html/wp/den/wp-includes/class-wp-hook.php(327): WP_Hook->apply_filters()
#3 /var/www/html/wp/den/wp-includes/plugin.php(470): WP_Hook->do_action()
#4 /var/www/html/wp/den/wp-admin/admin.php(259): do_action()
#5 {main}
  thrown in /var/www/html/wp/den/wp-content/plugins/google sheet plugin/create_product.php on line 25

2021-09-16T13:41:13+00:00 CRITICAL Uncaught Google\Exception: (batchGet) missing required param: 'spreadsheetId' in /var/www/html/wp/den/wp-content/plugins/google sheet plugin/vendor/google/apiclient/src/Service/Resource.php:171
Stack trace:
#0 /var/www/html/wp/den/wp-content/plugins/google sheet plugin/vendor/google/apiclient-services/src/Sheets/Resource/SpreadsheetsValues.php(143): Google\Service\Resource->call()
#1 /var/www/html/wp/den/wp-content/plugins/google sheet plugin/create_product.php(23): Google\Service\Sheets\Resource\SpreadsheetsValues->batchGet()
#2 /var/www/html/wp/den/wp-content/plugins/google sheet plugin/index.php(470): include('/var/www/html/w...')
#3 /var/www/html/wp/den/wp-includes/class-wp-hook.php(303): product_manage()
#4 /var/www/html/wp/den/wp-includes/class-wp-hook.php(327): WP_Hook->apply_filters()
#5 /var/www/html/wp/den/wp-includes/plugin.php(470): WP_Hook->do_action()
#6 /var/www/html/wp/den/wp-admin/admin.php(259): do_action()
#7 {main}
  thrown in /var/www/html/wp/den/wp-content/plugins/google sheet plugin/vendor/google/apiclient/src/Service/Resource.php on line 171

2021-09-16T18:05:10+00:00 CRITICAL Uncaught Google\Exception: (get) missing required param: 'spreadsheetId' in /var/www/html/wp/den/wp-content/plugins/google sheet plugin/vendor/google/apiclient/src/Service/Resource.php:171
Stack trace:
#0 /var/www/html/wp/den/wp-content/plugins/google sheet plugin/vendor/google/apiclient-services/src/Sheets/Resource/Spreadsheets.php(99): Google\Service\Resource->call()
#1 /var/www/html/wp/den/wp-content/plugins/google sheet plugin/create_product.php(23): Google\Service\Sheets\Resource\Spreadsheets->get()
#2 /var/www/html/wp/den/wp-content/plugins/google sheet plugin/index.php(470): include('/var/www/html/w...')
#3 /var/www/html/wp/den/wp-includes/class-wp-hook.php(303): product_manage()
#4 /var/www/html/wp/den/wp-includes/class-wp-hook.php(327): WP_Hook->apply_filters()
#5 /var/www/html/wp/den/wp-includes/plugin.php(470): WP_Hook->do_action()
#6 /var/www/html/wp/den/wp-admin/admin.php(259): do_action()
#7 {main}
  thrown in /var/www/html/wp/den/wp-content/plugins/google sheet plugin/vendor/google/apiclient/src/Service/Resource.php on line 171

2021-09-16T18:05:11+00:00 CRITICAL Uncaught Google\Exception: (get) missing required param: 'spreadsheetId' in /var/www/html/wp/den/wp-content/plugins/google sheet plugin/vendor/google/apiclient/src/Service/Resource.php:171
Stack trace:
#0 /var/www/html/wp/den/wp-content/plugins/google sheet plugin/vendor/google/apiclient-services/src/Sheets/Resource/Spreadsheets.php(99): Google\Service\Resource->call()
#1 /var/www/html/wp/den/wp-content/plugins/google sheet plugin/create_product.php(23): Google\Service\Sheets\Resource\Spreadsheets->get()
#2 /var/www/html/wp/den/wp-content/plugins/google sheet plugin/index.php(470): include('/var/www/html/w...')
#3 /var/www/html/wp/den/wp-includes/class-wp-hook.php(303): product_manage()
#4 /var/www/html/wp/den/wp-includes/class-wp-hook.php(327): WP_Hook->apply_filters()
#5 /var/www/html/wp/den/wp-includes/plugin.php(470): WP_Hook->do_action()
#6 /var/www/html/wp/den/wp-admin/admin.php(259): do_action()
#7 {main}
  thrown in /var/www/html/wp/den/wp-content/plugins/google sheet plugin/vendor/google/apiclient/src/Service/Resource.php on line 171

2021-09-16T18:05:15+00:00 CRITICAL Uncaught Google\Exception: (get) missing required param: 'spreadsheetId' in /var/www/html/wp/den/wp-content/plugins/google sheet plugin/vendor/google/apiclient/src/Service/Resource.php:171
Stack trace:
#0 /var/www/html/wp/den/wp-content/plugins/google sheet plugin/vendor/google/apiclient-services/src/Sheets/Resource/Spreadsheets.php(99): Google\Service\Resource->call()
#1 /var/www/html/wp/den/wp-content/plugins/google sheet plugin/create_product.php(23): Google\Service\Sheets\Resource\Spreadsheets->get()
#2 /var/www/html/wp/den/wp-content/plugins/google sheet plugin/index.php(470): include('/var/www/html/w...')
#3 /var/www/html/wp/den/wp-includes/class-wp-hook.php(303): product_manage()
#4 /var/www/html/wp/den/wp-includes/class-wp-hook.php(327): WP_Hook->apply_filters()
#5 /var/www/html/wp/den/wp-includes/plugin.php(470): WP_Hook->do_action()
#6 /var/www/html/wp/den/wp-admin/admin.php(259): do_action()
#7 {main}
  thrown in /var/www/html/wp/den/wp-content/plugins/google sheet plugin/vendor/google/apiclient/src/Service/Resource.php on line 171

2021-09-16T18:05:17+00:00 CRITICAL Uncaught Google\Exception: (get) missing required param: 'spreadsheetId' in /var/www/html/wp/den/wp-content/plugins/google sheet plugin/vendor/google/apiclient/src/Service/Resource.php:171
Stack trace:
#0 /var/www/html/wp/den/wp-content/plugins/google sheet plugin/vendor/google/apiclient-services/src/Sheets/Resource/SpreadsheetsValues.php(235): Google\Service\Resource->call()
#1 /var/www/html/wp/den/wp-content/plugins/google sheet plugin/index.php(139): Google\Service\Sheets\Resource\SpreadsheetsValues->get()
#2 /var/www/html/wp/den/wp-includes/class-wp-hook.php(303): crud_data()
#3 /var/www/html/wp/den/wp-includes/class-wp-hook.php(327): WP_Hook->apply_filters()
#4 /var/www/html/wp/den/wp-includes/plugin.php(470): WP_Hook->do_action()
#5 /var/www/html/wp/den/wp-admin/admin.php(259): do_action()
#6 {main}
  thrown in /var/www/html/wp/den/wp-content/plugins/google sheet plugin/vendor/google/apiclient/src/Service/Resource.php on line 171

2021-09-16T18:19:42+00:00 CRITICAL Uncaught Error: Call to a member function batchUpdate() on null in /var/www/html/wp/den/wp-content/plugins/google sheet plugin/create_product.php:81
Stack trace:
#0 /var/www/html/wp/den/wp-content/plugins/google sheet plugin/create_product.php(29): highlight()
#1 /var/www/html/wp/den/wp-content/plugins/google sheet plugin/index.php(469): include('/var/www/html/w...')
#2 /var/www/html/wp/den/wp-includes/class-wp-hook.php(303): product_manage()
#3 /var/www/html/wp/den/wp-includes/class-wp-hook.php(327): WP_Hook->apply_filters()
#4 /var/www/html/wp/den/wp-includes/plugin.php(470): WP_Hook->do_action()
#5 /var/www/html/wp/den/wp-admin/admin.php(259): do_action()
#6 {main}
  thrown in /var/www/html/wp/den/wp-content/plugins/google sheet plugin/create_product.php on line 81

2021-09-16T18:20:56+00:00 CRITICAL Uncaught Error: Call to a member function batchUpdate() on null in /var/www/html/wp/den/wp-content/plugins/google sheet plugin/create_product.php:82
Stack trace:
#0 /var/www/html/wp/den/wp-content/plugins/google sheet plugin/create_product.php(29): highlight()
#1 /var/www/html/wp/den/wp-content/plugins/google sheet plugin/index.php(469): include('/var/www/html/w...')
#2 /var/www/html/wp/den/wp-includes/class-wp-hook.php(303): product_manage()
#3 /var/www/html/wp/den/wp-includes/class-wp-hook.php(327): WP_Hook->apply_filters()
#4 /var/www/html/wp/den/wp-includes/plugin.php(470): WP_Hook->do_action()
#5 /var/www/html/wp/den/wp-admin/admin.php(259): do_action()
#6 {main}
  thrown in /var/www/html/wp/den/wp-content/plugins/google sheet plugin/create_product.php on line 82

2021-09-16T18:21:16+00:00 CRITICAL Uncaught Error: Call to a member function batchUpdate() on null in /var/www/html/wp/den/wp-content/plugins/google sheet plugin/create_product.php:82
Stack trace:
#0 /var/www/html/wp/den/wp-content/plugins/google sheet plugin/create_product.php(29): highlight()
#1 /var/www/html/wp/den/wp-content/plugins/google sheet plugin/index.php(469): include('/var/www/html/w...')
#2 /var/www/html/wp/den/wp-includes/class-wp-hook.php(303): product_manage()
#3 /var/www/html/wp/den/wp-includes/class-wp-hook.php(327): WP_Hook->apply_filters()
#4 /var/www/html/wp/den/wp-includes/plugin.php(470): WP_Hook->do_action()
#5 /var/www/html/wp/den/wp-admin/admin.php(259): do_action()
#6 {main}
  thrown in /var/www/html/wp/den/wp-content/plugins/google sheet plugin/create_product.php on line 82

2021-09-16T18:36:06+00:00 CRITICAL Uncaught Error: Call to a member function batchUpdate() on null in /var/www/html/wp/den/wp-content/plugins/google sheet plugin/config.php:65
Stack trace:
#0 /var/www/html/wp/den/wp-content/plugins/google sheet plugin/create_product.php(29): highlight()
#1 /var/www/html/wp/den/wp-content/plugins/google sheet plugin/index.php(469): include('/var/www/html/w...')
#2 /var/www/html/wp/den/wp-includes/class-wp-hook.php(303): product_manage()
#3 /var/www/html/wp/den/wp-includes/class-wp-hook.php(327): WP_Hook->apply_filters()
#4 /var/www/html/wp/den/wp-includes/plugin.php(470): WP_Hook->do_action()
#5 /var/www/html/wp/den/wp-admin/admin.php(259): do_action()
#6 {main}
  thrown in /var/www/html/wp/den/wp-content/plugins/google sheet plugin/config.php on line 65

2021-09-16T18:38:26+00:00 CRITICAL Uncaught Error: Call to a member function batchUpdate() on null in /var/www/html/wp/den/wp-content/plugins/google sheet plugin/config.php:65
Stack trace:
#0 /var/www/html/wp/den/wp-content/plugins/google sheet plugin/create_product.php(29): highlight()
#1 /var/www/html/wp/den/wp-content/plugins/google sheet plugin/index.php(469): include('/var/www/html/w...')
#2 /var/www/html/wp/den/wp-includes/class-wp-hook.php(303): product_manage()
#3 /var/www/html/wp/den/wp-includes/class-wp-hook.php(327): WP_Hook->apply_filters()
#4 /var/www/html/wp/den/wp-includes/plugin.php(470): WP_Hook->do_action()
#5 /var/www/html/wp/den/wp-admin/admin.php(259): do_action()
#6 {main}
  thrown in /var/www/html/wp/den/wp-content/plugins/google sheet plugin/config.php on line 65

2021-09-16T18:39:15+00:00 CRITICAL Uncaught Error: Call to a member function batchUpdate() on null in /var/www/html/wp/den/wp-content/plugins/google sheet plugin/config.php:65
Stack trace:
#0 /var/www/html/wp/den/wp-content/plugins/google sheet plugin/create_product.php(29): highlight()
#1 /var/www/html/wp/den/wp-content/plugins/google sheet plugin/index.php(469): include('/var/www/html/w...')
#2 /var/www/html/wp/den/wp-includes/class-wp-hook.php(303): product_manage()
#3 /var/www/html/wp/den/wp-includes/class-wp-hook.php(327): WP_Hook->apply_filters()
#4 /var/www/html/wp/den/wp-includes/plugin.php(470): WP_Hook->do_action()
#5 /var/www/html/wp/den/wp-admin/admin.php(259): do_action()
#6 {main}
  thrown in /var/www/html/wp/den/wp-content/plugins/google sheet plugin/config.php on line 65

2021-09-16T18:39:52+00:00 CRITICAL Uncaught Error: Call to a member function batchUpdate() on null in /var/www/html/wp/den/wp-content/plugins/google sheet plugin/config.php:65
Stack trace:
#0 /var/www/html/wp/den/wp-content/plugins/google sheet plugin/create_product.php(29): highlight()
#1 /var/www/html/wp/den/wp-content/plugins/google sheet plugin/index.php(469): include('/var/www/html/w...')
#2 /var/www/html/wp/den/wp-includes/class-wp-hook.php(303): product_manage()
#3 /var/www/html/wp/den/wp-includes/class-wp-hook.php(327): WP_Hook->apply_filters()
#4 /var/www/html/wp/den/wp-includes/plugin.php(470): WP_Hook->do_action()
#5 /var/www/html/wp/den/wp-admin/admin.php(259): do_action()
#6 {main}
  thrown in /var/www/html/wp/den/wp-content/plugins/google sheet plugin/config.php on line 65

2021-09-16T18:40:08+00:00 CRITICAL Uncaught Error: Call to a member function batchUpdate() on null in /var/www/html/wp/den/wp-content/plugins/google sheet plugin/config.php:66
Stack trace:
#0 /var/www/html/wp/den/wp-content/plugins/google sheet plugin/create_product.php(29): highlight()
#1 /var/www/html/wp/den/wp-content/plugins/google sheet plugin/index.php(469): include('/var/www/html/w...')
#2 /var/www/html/wp/den/wp-includes/class-wp-hook.php(303): product_manage()
#3 /var/www/html/wp/den/wp-includes/class-wp-hook.php(327): WP_Hook->apply_filters()
#4 /var/www/html/wp/den/wp-includes/plugin.php(470): WP_Hook->do_action()
#5 /var/www/html/wp/den/wp-admin/admin.php(259): do_action()
#6 {main}
  thrown in /var/www/html/wp/den/wp-content/plugins/google sheet plugin/config.php on line 66

2021-09-16T18:40:40+00:00 CRITICAL Uncaught Error: Call to a member function batchUpdate() on null in /var/www/html/wp/den/wp-content/plugins/google sheet plugin/config.php:66
Stack trace:
#0 /var/www/html/wp/den/wp-content/plugins/google sheet plugin/create_product.php(29): highlight()
#1 /var/www/html/wp/den/wp-content/plugins/google sheet plugin/index.php(469): include('/var/www/html/w...')
#2 /var/www/html/wp/den/wp-includes/class-wp-hook.php(303): product_manage()
#3 /var/www/html/wp/den/wp-includes/class-wp-hook.php(327): WP_Hook->apply_filters()
#4 /var/www/html/wp/den/wp-includes/plugin.php(470): WP_Hook->do_action()
#5 /var/www/html/wp/den/wp-admin/admin.php(259): do_action()
#6 {main}
  thrown in /var/www/html/wp/den/wp-content/plugins/google sheet plugin/config.php on line 66

2021-09-16T18:57:51+00:00 CRITICAL Uncaught Error: Call to a member function update() on null in /var/www/html/wp/den/wp-content/plugins/google sheet plugin/config.php:24
Stack trace:
#0 /var/www/html/wp/den/wp-content/plugins/google sheet plugin/create_product.php(29): highlight()
#1 /var/www/html/wp/den/wp-content/plugins/google sheet plugin/index.php(469): include('/var/www/html/w...')
#2 /var/www/html/wp/den/wp-includes/class-wp-hook.php(303): product_manage()
#3 /var/www/html/wp/den/wp-includes/class-wp-hook.php(327): WP_Hook->apply_filters()
#4 /var/www/html/wp/den/wp-includes/plugin.php(470): WP_Hook->do_action()
#5 /var/www/html/wp/den/wp-admin/admin.php(259): do_action()
#6 {main}
  thrown in /var/www/html/wp/den/wp-content/plugins/google sheet plugin/config.php on line 24

2021-09-16T18:58:22+00:00 CRITICAL Uncaught Error: Call to a member function update() on null in /var/www/html/wp/den/wp-content/plugins/google sheet plugin/config.php:24
Stack trace:
#0 /var/www/html/wp/den/wp-content/plugins/google sheet plugin/create_product.php(29): highlight()
#1 /var/www/html/wp/den/wp-content/plugins/google sheet plugin/index.php(469): include('/var/www/html/w...')
#2 /var/www/html/wp/den/wp-includes/class-wp-hook.php(303): product_manage()
#3 /var/www/html/wp/den/wp-includes/class-wp-hook.php(327): WP_Hook->apply_filters()
#4 /var/www/html/wp/den/wp-includes/plugin.php(470): WP_Hook->do_action()
#5 /var/www/html/wp/den/wp-admin/admin.php(259): do_action()
#6 {main}
  thrown in /var/www/html/wp/den/wp-content/plugins/google sheet plugin/config.php on line 24

2021-09-16T19:02:21+00:00 CRITICAL Uncaught Error: Call to a member function update() on null in /var/www/html/wp/den/wp-content/plugins/google sheet plugin/config.php:30
Stack trace:
#0 /var/www/html/wp/den/wp-content/plugins/google sheet plugin/create_product.php(29): highlight()
#1 /var/www/html/wp/den/wp-content/plugins/google sheet plugin/index.php(469): include('/var/www/html/w...')
#2 /var/www/html/wp/den/wp-includes/class-wp-hook.php(303): product_manage()
#3 /var/www/html/wp/den/wp-includes/class-wp-hook.php(327): WP_Hook->apply_filters()
#4 /var/www/html/wp/den/wp-includes/plugin.php(470): WP_Hook->do_action()
#5 /var/www/html/wp/den/wp-admin/admin.php(259): do_action()
#6 {main}
  thrown in /var/www/html/wp/den/wp-content/plugins/google sheet plugin/config.php on line 30

2021-09-16T19:03:06+00:00 CRITICAL Uncaught Error: Call to a member function update() on null in /var/www/html/wp/den/wp-content/plugins/google sheet plugin/config.php:34
Stack trace:
#0 /var/www/html/wp/den/wp-content/plugins/google sheet plugin/create_product.php(29): highlight()
#1 /var/www/html/wp/den/wp-content/plugins/google sheet plugin/index.php(469): include('/var/www/html/w...')
#2 /var/www/html/wp/den/wp-includes/class-wp-hook.php(303): product_manage()
#3 /var/www/html/wp/den/wp-includes/class-wp-hook.php(327): WP_Hook->apply_filters()
#4 /var/www/html/wp/den/wp-includes/plugin.php(470): WP_Hook->do_action()
#5 /var/www/html/wp/den/wp-admin/admin.php(259): do_action()
#6 {main}
  thrown in /var/www/html/wp/den/wp-content/plugins/google sheet plugin/config.php on line 34

2021-09-16T19:03:26+00:00 CRITICAL Uncaught Error: Call to a member function update() on null in /var/www/html/wp/den/wp-content/plugins/google sheet plugin/config.php:34
Stack trace:
#0 /var/www/html/wp/den/wp-content/plugins/google sheet plugin/create_product.php(29): highlight()
#1 /var/www/html/wp/den/wp-content/plugins/google sheet plugin/index.php(469): include('/var/www/html/w...')
#2 /var/www/html/wp/den/wp-includes/class-wp-hook.php(303): product_manage()
#3 /var/www/html/wp/den/wp-includes/class-wp-hook.php(327): WP_Hook->apply_filters()
#4 /var/www/html/wp/den/wp-includes/plugin.php(470): WP_Hook->do_action()
#5 /var/www/html/wp/den/wp-admin/admin.php(259): do_action()
#6 {main}
  thrown in /var/www/html/wp/den/wp-content/plugins/google sheet plugin/config.php on line 34

2021-09-16T19:04:06+00:00 CRITICAL Uncaught Error: Call to a member function update() on null in /var/www/html/wp/den/wp-content/plugins/google sheet plugin/config.php:34
Stack trace:
#0 /var/www/html/wp/den/wp-content/plugins/google sheet plugin/create_product.php(29): highlight()
#1 /var/www/html/wp/den/wp-content/plugins/google sheet plugin/index.php(469): include('/var/www/html/w...')
#2 /var/www/html/wp/den/wp-includes/class-wp-hook.php(303): product_manage()
#3 /var/www/html/wp/den/wp-includes/class-wp-hook.php(327): WP_Hook->apply_filters()
#4 /var/www/html/wp/den/wp-includes/plugin.php(470): WP_Hook->do_action()
#5 /var/www/html/wp/den/wp-admin/admin.php(259): do_action()
#6 {main}
  thrown in /var/www/html/wp/den/wp-content/plugins/google sheet plugin/config.php on line 34

2021-09-16T19:05:58+00:00 CRITICAL Uncaught Google\Service\Exception: {
  "error": {
    "code": 400,
    "message": "Invalid JSON payload received. Unknown name \"value\" at 'data': Cannot find field.",
    "errors": [
      {
        "message": "Invalid JSON payload received. Unknown name \"value\" at 'data': Cannot find field.",
        "reason": "invalid"
      }
    ],
    "status": "INVALID_ARGUMENT"
  }
}
 in /var/www/html/wp/den/wp-content/plugins/google sheet plugin/vendor/google/apiclient/src/Http/REST.php:128
Stack trace:
#0 /var/www/html/wp/den/wp-content/plugins/google sheet plugin/vendor/google/apiclient/src/Http/REST.php(103): Google\Http\REST::decodeHttpResponse()
#1 [internal function]: Google\Http\REST::doExecute()
#2 /var/www/html/wp/den/wp-content/plugins/google sheet plugin/vendor/google/apiclient/src/Task/Runner.php(182): call_user_func_array()
#3 /var/www/html/wp/den/wp-content/plugins/google sheet plugin/vendor/google/apiclient/src/Http/REST.php(66): Google\Task\Runner->run()
#4 /var/www/html/wp/den/wp-content/plugins/g in /var/www/html/wp/den/wp-content/plugins/google sheet plugin/vendor/google/apiclient/src/Http/REST.php on line 128

2021-09-16T19:07:15+00:00 CRITICAL Uncaught Google\Service\Exception: {
  "error": {
    "code": 400,
    "message": "Invalid JSON payload received. Unknown name \"value\" at 'data': Cannot find field.",
    "errors": [
      {
        "message": "Invalid JSON payload received. Unknown name \"value\" at 'data': Cannot find field.",
        "reason": "invalid"
      }
    ],
    "status": "INVALID_ARGUMENT"
  }
}
 in /var/www/html/wp/den/wp-content/plugins/google sheet plugin/vendor/google/apiclient/src/Http/REST.php:128
Stack trace:
#0 /var/www/html/wp/den/wp-content/plugins/google sheet plugin/vendor/google/apiclient/src/Http/REST.php(103): Google\Http\REST::decodeHttpResponse()
#1 [internal function]: Google\Http\REST::doExecute()
#2 /var/www/html/wp/den/wp-content/plugins/google sheet plugin/vendor/google/apiclient/src/Task/Runner.php(182): call_user_func_array()
#3 /var/www/html/wp/den/wp-content/plugins/google sheet plugin/vendor/google/apiclient/src/Http/REST.php(66): Google\Task\Runner->run()
#4 /var/www/html/wp/den/wp-content/plugins/g in /var/www/html/wp/den/wp-content/plugins/google sheet plugin/vendor/google/apiclient/src/Http/REST.php on line 128

2021-09-16T19:12:11+00:00 CRITICAL Uncaught Google\Service\Exception: {
  "error": {
    "code": 400,
    "message": "'valueInputOption' is required but not specified",
    "errors": [
      {
        "message": "'valueInputOption' is required but not specified",
        "domain": "global",
        "reason": "badRequest"
      }
    ],
    "status": "INVALID_ARGUMENT"
  }
}
 in /var/www/html/wp/den/wp-content/plugins/google sheet plugin/vendor/google/apiclient/src/Http/REST.php:128
Stack trace:
#0 /var/www/html/wp/den/wp-content/plugins/google sheet plugin/vendor/google/apiclient/src/Http/REST.php(103): Google\Http\REST::decodeHttpResponse()
#1 [internal function]: Google\Http\REST::doExecute()
#2 /var/www/html/wp/den/wp-content/plugins/google sheet plugin/vendor/google/apiclient/src/Task/Runner.php(182): call_user_func_array()
#3 /var/www/html/wp/den/wp-content/plugins/google sheet plugin/vendor/google/apiclient/src/Http/REST.php(66): Google\Task\Runner->run()
#4 /var/www/html/wp/den/wp-content/plugins/google sheet plugin/vendor/google/apicli in /var/www/html/wp/den/wp-content/plugins/google sheet plugin/vendor/google/apiclient/src/Http/REST.php on line 128

2021-09-16T19:14:17+00:00 CRITICAL Uncaught Google\Service\Exception: {
  "error": {
    "code": 400,
    "message": "Invalid JSON payload received. Unknown name \"value\" at 'data': Cannot find field.",
    "errors": [
      {
        "message": "Invalid JSON payload received. Unknown name \"value\" at 'data': Cannot find field.",
        "reason": "invalid"
      }
    ],
    "status": "INVALID_ARGUMENT"
  }
}
 in /var/www/html/wp/den/wp-content/plugins/google sheet plugin/vendor/google/apiclient/src/Http/REST.php:128
Stack trace:
#0 /var/www/html/wp/den/wp-content/plugins/google sheet plugin/vendor/google/apiclient/src/Http/REST.php(103): Google\Http\REST::decodeHttpResponse()
#1 [internal function]: Google\Http\REST::doExecute()
#2 /var/www/html/wp/den/wp-content/plugins/google sheet plugin/vendor/google/apiclient/src/Task/Runner.php(182): call_user_func_array()
#3 /var/www/html/wp/den/wp-content/plugins/google sheet plugin/vendor/google/apiclient/src/Http/REST.php(66): Google\Task\Runner->run()
#4 /var/www/html/wp/den/wp-content/plugins/g in /var/www/html/wp/den/wp-content/plugins/google sheet plugin/vendor/google/apiclient/src/Http/REST.php on line 128

2021-09-16T19:14:42+00:00 CRITICAL Uncaught Google\Service\Exception: {
  "error": {
    "code": 400,
    "message": "Invalid JSON payload received. Unknown name \"value\" at 'data': Cannot find field.",
    "errors": [
      {
        "message": "Invalid JSON payload received. Unknown name \"value\" at 'data': Cannot find field.",
        "reason": "invalid"
      }
    ],
    "status": "INVALID_ARGUMENT"
  }
}
 in /var/www/html/wp/den/wp-content/plugins/google sheet plugin/vendor/google/apiclient/src/Http/REST.php:128
Stack trace:
#0 /var/www/html/wp/den/wp-content/plugins/google sheet plugin/vendor/google/apiclient/src/Http/REST.php(103): Google\Http\REST::decodeHttpResponse()
#1 [internal function]: Google\Http\REST::doExecute()
#2 /var/www/html/wp/den/wp-content/plugins/google sheet plugin/vendor/google/apiclient/src/Task/Runner.php(182): call_user_func_array()
#3 /var/www/html/wp/den/wp-content/plugins/google sheet plugin/vendor/google/apiclient/src/Http/REST.php(66): Google\Task\Runner->run()
#4 /var/www/html/wp/den/wp-content/plugins/g in /var/www/html/wp/den/wp-content/plugins/google sheet plugin/vendor/google/apiclient/src/Http/REST.php on line 128

2021-09-16T19:16:15+00:00 CRITICAL Uncaught Google\Service\Exception: {
  "error": {
    "code": 400,
    "message": "Invalid JSON payload received. Unknown name \"value\" at 'data': Cannot find field.",
    "errors": [
      {
        "message": "Invalid JSON payload received. Unknown name \"value\" at 'data': Cannot find field.",
        "reason": "invalid"
      }
    ],
    "status": "INVALID_ARGUMENT"
  }
}
 in /var/www/html/wp/den/wp-content/plugins/google sheet plugin/vendor/google/apiclient/src/Http/REST.php:128
Stack trace:
#0 /var/www/html/wp/den/wp-content/plugins/google sheet plugin/vendor/google/apiclient/src/Http/REST.php(103): Google\Http\REST::decodeHttpResponse()
#1 [internal function]: Google\Http\REST::doExecute()
#2 /var/www/html/wp/den/wp-content/plugins/google sheet plugin/vendor/google/apiclient/src/Task/Runner.php(182): call_user_func_array()
#3 /var/www/html/wp/den/wp-content/plugins/google sheet plugin/vendor/google/apiclient/src/Http/REST.php(66): Google\Task\Runner->run()
#4 /var/www/html/wp/den/wp-content/plugins/g in /var/www/html/wp/den/wp-content/plugins/google sheet plugin/vendor/google/apiclient/src/Http/REST.php on line 128

2021-09-16T19:18:43+00:00 CRITICAL Uncaught Google\Service\Exception: {
  "error": {
    "code": 400,
    "message": "'valueInputOption' is required but not specified",
    "errors": [
      {
        "message": "'valueInputOption' is required but not specified",
        "domain": "global",
        "reason": "badRequest"
      }
    ],
    "status": "INVALID_ARGUMENT"
  }
}
 in /var/www/html/wp/den/wp-content/plugins/google sheet plugin/vendor/google/apiclient/src/Http/REST.php:128
Stack trace:
#0 /var/www/html/wp/den/wp-content/plugins/google sheet plugin/vendor/google/apiclient/src/Http/REST.php(103): Google\Http\REST::decodeHttpResponse()
#1 [internal function]: Google\Http\REST::doExecute()
#2 /var/www/html/wp/den/wp-content/plugins/google sheet plugin/vendor/google/apiclient/src/Task/Runner.php(182): call_user_func_array()
#3 /var/www/html/wp/den/wp-content/plugins/google sheet plugin/vendor/google/apiclient/src/Http/REST.php(66): Google\Task\Runner->run()
#4 /var/www/html/wp/den/wp-content/plugins/google sheet plugin/vendor/google/apicli in /var/www/html/wp/den/wp-content/plugins/google sheet plugin/vendor/google/apiclient/src/Http/REST.php on line 128

2021-09-16T19:24:08+00:00 CRITICAL Uncaught Google\Service\Exception: {
  "error": {
    "code": 400,
    "message": "Invalid JSON payload received. Unknown name \"\": Root element must be a message.",
    "errors": [
      {
        "message": "Invalid JSON payload received. Unknown name \"\": Root element must be a message.",
        "reason": "invalid"
      }
    ],
    "status": "INVALID_ARGUMENT"
  }
}
 in /var/www/html/wp/den/wp-content/plugins/google sheet plugin/vendor/google/apiclient/src/Http/REST.php:128
Stack trace:
#0 /var/www/html/wp/den/wp-content/plugins/google sheet plugin/vendor/google/apiclient/src/Http/REST.php(103): Google\Http\REST::decodeHttpResponse()
#1 [internal function]: Google\Http\REST::doExecute()
#2 /var/www/html/wp/den/wp-content/plugins/google sheet plugin/vendor/google/apiclient/src/Task/Runner.php(182): call_user_func_array()
#3 /var/www/html/wp/den/wp-content/plugins/google sheet plugin/vendor/google/apiclient/src/Http/REST.php(66): Google\Task\Runner->run()
#4 /var/www/html/wp/den/wp-content/plugins/googl in /var/www/html/wp/den/wp-content/plugins/google sheet plugin/vendor/google/apiclient/src/Http/REST.php on line 128

2021-09-16T19:24:37+00:00 CRITICAL Uncaught Google\Service\Exception: {
  "error": {
    "code": 400,
    "message": "Invalid JSON payload received. Unknown name \"value\" at 'data': Cannot find field.",
    "errors": [
      {
        "message": "Invalid JSON payload received. Unknown name \"value\" at 'data': Cannot find field.",
        "reason": "invalid"
      }
    ],
    "status": "INVALID_ARGUMENT"
  }
}
 in /var/www/html/wp/den/wp-content/plugins/google sheet plugin/vendor/google/apiclient/src/Http/REST.php:128
Stack trace:
#0 /var/www/html/wp/den/wp-content/plugins/google sheet plugin/vendor/google/apiclient/src/Http/REST.php(103): Google\Http\REST::decodeHttpResponse()
#1 [internal function]: Google\Http\REST::doExecute()
#2 /var/www/html/wp/den/wp-content/plugins/google sheet plugin/vendor/google/apiclient/src/Task/Runner.php(182): call_user_func_array()
#3 /var/www/html/wp/den/wp-content/plugins/google sheet plugin/vendor/google/apiclient/src/Http/REST.php(66): Google\Task\Runner->run()
#4 /var/www/html/wp/den/wp-content/plugins/g in /var/www/html/wp/den/wp-content/plugins/google sheet plugin/vendor/google/apiclient/src/Http/REST.php on line 128

2021-09-16T19:25:37+00:00 CRITICAL Uncaught Google\Service\Exception: {
  "error": {
    "code": 400,
    "message": "Unable to parse range: updatedRange,E1:E50",
    "errors": [
      {
        "message": "Unable to parse range: updatedRange,E1:E50",
        "domain": "global",
        "reason": "badRequest"
      }
    ],
    "status": "INVALID_ARGUMENT"
  }
}
 in /var/www/html/wp/den/wp-content/plugins/google sheet plugin/vendor/google/apiclient/src/Http/REST.php:128
Stack trace:
#0 /var/www/html/wp/den/wp-content/plugins/google sheet plugin/vendor/google/apiclient/src/Http/REST.php(103): Google\Http\REST::decodeHttpResponse()
#1 [internal function]: Google\Http\REST::doExecute()
#2 /var/www/html/wp/den/wp-content/plugins/google sheet plugin/vendor/google/apiclient/src/Task/Runner.php(182): call_user_func_array()
#3 /var/www/html/wp/den/wp-content/plugins/google sheet plugin/vendor/google/apiclient/src/Http/REST.php(66): Google\Task\Runner->run()
#4 /var/www/html/wp/den/wp-content/plugins/google sheet plugin/vendor/google/apiclient/src/Clie in /var/www/html/wp/den/wp-content/plugins/google sheet plugin/vendor/google/apiclient/src/Http/REST.php on line 128

2021-09-16T19:31:34+00:00 CRITICAL Uncaught ArgumentCountError: Too few arguments to function highlight(), 2 passed in /var/www/html/wp/den/wp-content/plugins/google sheet plugin/create_product.php on line 29 and exactly 4 expected in /var/www/html/wp/den/wp-content/plugins/google sheet plugin/config.php:15
Stack trace:
#0 /var/www/html/wp/den/wp-content/plugins/google sheet plugin/create_product.php(29): highlight()
#1 /var/www/html/wp/den/wp-content/plugins/google sheet plugin/index.php(469): include('/var/www/html/w...')
#2 /var/www/html/wp/den/wp-includes/class-wp-hook.php(303): product_manage()
#3 /var/www/html/wp/den/wp-includes/class-wp-hook.php(327): WP_Hook->apply_filters()
#4 /var/www/html/wp/den/wp-includes/plugin.php(470): WP_Hook->do_action()
#5 /var/www/html/wp/den/wp-admin/admin.php(259): do_action()
#6 {main}
  thrown in /var/www/html/wp/den/wp-content/plugins/google sheet plugin/config.php on line 15

2021-09-16T19:34:39+00:00 CRITICAL Uncaught Error: Call to undefined method Google\Service\Sheets\Spreadsheet::getValues() in /var/www/html/wp/den/wp-content/plugins/google sheet plugin/create_product.php:26
Stack trace:
#0 /var/www/html/wp/den/wp-content/plugins/google sheet plugin/index.php(469): include()
#1 /var/www/html/wp/den/wp-includes/class-wp-hook.php(303): product_manage()
#2 /var/www/html/wp/den/wp-includes/class-wp-hook.php(327): WP_Hook->apply_filters()
#3 /var/www/html/wp/den/wp-includes/plugin.php(470): WP_Hook->do_action()
#4 /var/www/html/wp/den/wp-admin/admin.php(259): do_action()
#5 {main}
  thrown in /var/www/html/wp/den/wp-content/plugins/google sheet plugin/create_product.php on line 26

2021-09-16T19:34:45+00:00 CRITICAL Uncaught Error: Call to undefined method Google\Service\Sheets\Spreadsheet::getValues() in /var/www/html/wp/den/wp-content/plugins/google sheet plugin/create_product.php:26
Stack trace:
#0 /var/www/html/wp/den/wp-content/plugins/google sheet plugin/index.php(469): include()
#1 /var/www/html/wp/den/wp-includes/class-wp-hook.php(303): product_manage()
#2 /var/www/html/wp/den/wp-includes/class-wp-hook.php(327): WP_Hook->apply_filters()
#3 /var/www/html/wp/den/wp-includes/plugin.php(470): WP_Hook->do_action()
#4 /var/www/html/wp/den/wp-admin/admin.php(259): do_action()
#5 {main}
  thrown in /var/www/html/wp/den/wp-content/plugins/google sheet plugin/create_product.php on line 26

2021-09-16T19:56:46+00:00 CRITICAL Uncaught Error: Call to a member function update_status() on string in /var/www/html/wp/den/wp-content/plugins/google sheet plugin/index.php:44
Stack trace:
#0 /var/www/html/wp/den/wp-includes/class-wp-hook.php(303): google_sheet_plugin_checkout()
#1 /var/www/html/wp/den/wp-includes/class-wp-hook.php(327): WP_Hook->apply_filters()
#2 /var/www/html/wp/den/wp-includes/plugin.php(470): WP_Hook->do_action()
#3 /var/www/html/wp/den/wp-content/plugins/woocommerce/includes/class-wc-post-types.php(491): do_action()
#4 /var/www/html/wp/den/wp-includes/class-wp-hook.php(303): WC_Post_Types::register_post_types()
#5 /var/www/html/wp/den/wp-includes/class-wp-hook.php(327): WP_Hook->apply_filters()
#6 /var/www/html/wp/den/wp-includes/plugin.php(470): WP_Hook->do_action()
#7 /var/www/html/wp/den/wp-settings.php(578): do_action()
#8 /var/www/html/wp/den/wp-config.php(99): require_once('/var/www/html/w...')
#9 /var/www/html/wp/den/wp-load.php(50): require_once('/var/www/html/w...')
#10 /var/www/html/wp/den/wp-blog-header.php in /var/www/html/wp/den/wp-content/plugins/google sheet plugin/index.php on line 44

2021-09-16T19:56:50+00:00 CRITICAL Uncaught Error: Call to a member function update_status() on string in /var/www/html/wp/den/wp-content/plugins/google sheet plugin/index.php:44
Stack trace:
#0 /var/www/html/wp/den/wp-includes/class-wp-hook.php(303): google_sheet_plugin_checkout()
#1 /var/www/html/wp/den/wp-includes/class-wp-hook.php(327): WP_Hook->apply_filters()
#2 /var/www/html/wp/den/wp-includes/plugin.php(470): WP_Hook->do_action()
#3 /var/www/html/wp/den/wp-content/plugins/woocommerce/includes/class-wc-post-types.php(491): do_action()
#4 /var/www/html/wp/den/wp-includes/class-wp-hook.php(303): WC_Post_Types::register_post_types()
#5 /var/www/html/wp/den/wp-includes/class-wp-hook.php(327): WP_Hook->apply_filters()
#6 /var/www/html/wp/den/wp-includes/plugin.php(470): WP_Hook->do_action()
#7 /var/www/html/wp/den/wp-settings.php(578): do_action()
#8 /var/www/html/wp/den/wp-config.php(99): require_once('/var/www/html/w...')
#9 /var/www/html/wp/den/wp-load.php(50): require_once('/var/www/html/w...')
#10 /var/www/html/wp/den/wp-blog-header.php in /var/www/html/wp/den/wp-content/plugins/google sheet plugin/index.php on line 44

